Release 9.2.04i - xst J.40
Copyright (c) 1995-2007 Xilinx, Inc.  All rights reserved.
--> Parameter TMPDIR set to ./xst/projnav.tmp
CPU : 0.02 / 0.34 s | Elapsed : 0.00 / 0.00 s
 
--> Parameter xsthdpdir set to ./xst
CPU : 0.02 / 0.42 s | Elapsed : 0.00 / 0.00 s
 
--> Reading design: lights.prj

TABLE OF CONTENTS
  1) Synthesis Options Summary
  2) HDL Compilation
  3) Design Hierarchy Analysis
  4) HDL Analysis
  5) HDL Synthesis
     5.1) HDL Synthesis Report
  6) Advanced HDL Synthesis
     6.1) Advanced HDL Synthesis Report
  7) Low Level Synthesis
  8) Partition Report
  9) Final Report
     9.1) Device utilization summary
     9.2) Partition Resource Summary
     9.3) TIMING REPORT


=========================================================================
*                      Synthesis Options Summary                        *
=========================================================================
---- Source Parameters
Input File Name                    : "lights.prj"
Input Format                       : mixed
Ignore Synthesis Constraint File   : NO

---- Target Parameters
Output File Name                   : "lights"
Output Format                      : NGC
Target Device                      : xc3s100e-5-cp132

---- Source Options
Top Module Name                    : lights
Automatic FSM Extraction           : YES
FSM Encoding Algorithm             : Auto
Safe Implementation                : No
FSM Style                          : lut
RAM Extraction                     : Yes
RAM Style                          : Auto
ROM Extraction                     : Yes
Mux Style                          : Auto
Decoder Extraction                 : YES
Priority Encoder Extraction        : YES
Shift Register Extraction          : YES
Logical Shifter Extraction         : YES
XOR Collapsing                     : YES
ROM Style                          : Auto
Mux Extraction                     : YES
Resource Sharing                   : YES
Asynchronous To Synchronous        : NO
Multiplier Style                   : auto
Automatic Register Balancing       : No

---- Target Options
Add IO Buffers                     : YES
Global Maximum Fanout              : 500
Add Generic Clock Buffer(BUFG)     : 24
Register Duplication               : YES
Slice Packing                      : YES
Optimize Instantiated Primitives   : NO
Use Clock Enable                   : Yes
Use Synchronous Set                : Yes
Use Synchronous Reset              : Yes
Pack IO Registers into IOBs        : auto
Equivalent register Removal        : YES

---- General Options
Optimization Goal                  : Speed
Optimization Effort                : 1
Library Search Order               : lights.lso
Keep Hierarchy                     : NO
RTL Output                         : Yes
Global Optimization                : AllClockNets
Read Cores                         : YES
Write Timing Constraints           : NO
Cross Clock Analysis               : NO
Hierarchy Separator                : /
Bus Delimiter                      : <>
Case Specifier                     : maintain
Slice Utilization Ratio            : 100
BRAM Utilization Ratio             : 100
Verilog 2001                       : YES
Auto BRAM Packing                  : NO
Slice Utilization Ratio Delta      : 5

=========================================================================


=========================================================================
*                          HDL Compilation                              *
=========================================================================
Compiling vhdl file "//users.uidaho.edu/users/d/dona1865/ECE 241/lab10/lights.vhd" in Library work.
Entity <lights> compiled.
Entity <lights> (Architecture <behavioral>) compiled.

=========================================================================
*                     Design Hierarchy Analysis                         *
=========================================================================
Analyzing hierarchy for entity <lights> in library <work> (architecture <behavioral>).


=========================================================================
*                            HDL Analysis                               *
=========================================================================
Analyzing Entity <lights> in library <work> (Architecture <behavioral>).
Entity <lights> analyzed. Unit <lights> generated.


=========================================================================
*                           HDL Synthesis                               *
=========================================================================

Performing bidirectional port resolution...

Synthesizing Unit <lights>.
    Related source file is "//users.uidaho.edu/users/d/dona1865/ECE 241/lab10/lights.vhd".
    Found finite state machine <FSM_0> for signal <state>.
    -----------------------------------------------------------------------
    | States             | 5                                              |
    | Transitions        | 9                                              |
    | Inputs             | 1                                              |
    | Outputs            | 3                                              |
    | Clock              | CLK (rising_edge)                              |
    | Reset              | RST (positive)                                 |
    | Reset type         | synchronous                                    |
    | Reset State        | s0                                             |
    | Power Up State     | s0                                             |
    | Encoding           | automatic                                      |
    | Implementation     | LUT                                            |
    -----------------------------------------------------------------------
    Summary:
	inferred   1 Finite State Machine(s).
Unit <lights> synthesized.


=========================================================================
HDL Synthesis Report

Found no macro
=========================================================================

=========================================================================
*                       Advanced HDL Synthesis                          *
=========================================================================

Analyzing FSM <FSM_0> for best encoding.
Optimizing FSM <state> on signal <state[1:3]> with gray encoding.
-------------------
 State | Encoding
-------------------
 s0    | 000
 s1    | 001
 s2    | 010
 s3    | 110
 s4    | 011
-------------------
Loading device for application Rf_Device from file '3s100e.nph' in environment C:\Xilinx\92i.

=========================================================================
Advanced HDL Synthesis Report

Macro Statistics
# FSMs                                                 : 1
# Registers                                            : 3
 Flip-Flops                                            : 3

=========================================================================

=========================================================================
*                         Low Level Synthesis                           *
=========================================================================

Optimizing unit <lights> ...

Mapping all equations...
Building and optimizing final netlist ...
Found area constraint ratio of 100 (+ 5) on block lights, actual ratio is 0.

Final Macro Processing ...

=========================================================================
Final Register Report

Macro Statistics
# Registers                                            : 3
 Flip-Flops                                            : 3

=========================================================================

=========================================================================
*                          Partition Report                             *
=========================================================================

Partition Implementation Status
-------------------------------

  No Partitions were found in this design.

-------------------------------

=========================================================================
*                            Final Report                               *
=========================================================================
Final Results
RTL Top Level Output File Name     : lights.ngr
Top Level Output File Name         : lights
Output Format                      : NGC
Optimization Goal                  : Speed
Keep Hierarchy                     : NO

Design Statistics
# IOs                              : 6

Cell Usage :
# BELS                             : 5
#      LUT3                        : 3
#      LUT4                        : 2
# FlipFlops/Latches                : 3
#      FDR                         : 2
#      FDRS                        : 1
# Clock Buffers                    : 1
#      BUFGP                       : 1
# IO Buffers                       : 5
#      IBUF                        : 2
#      OBUF                        : 3
=========================================================================

Device utilization summary:
---------------------------

Selected Device : 3s100ecp132-5 

 Number of Slices:                       3  out of    960     0%  
 Number of Slice Flip Flops:             3  out of   1920     0%  
 Number of 4 input LUTs:                 5  out of   1920     0%  
 Number of IOs:                          6
 Number of bonded IOBs:                  6  out of     83     7%  
 Number of GCLKs:                        1  out of     24     4%  

---------------------------
Partition Resource Summary:
---------------------------

  No Partitions were found in this design.

---------------------------


=========================================================================
TIMING REPORT

NOTE: THESE TIMING NUMBERS ARE ONLY A SYNTHESIS ESTIMATE.
      FOR ACCURATE TIMING INFORMATION PLEASE REFER TO THE TRACE REPORT
      GENERATED AFTER PLACE-and-ROUTE.

Clock Information:
------------------
-----------------------------------+------------------------+-------+
Clock Signal                       | Clock buffer(FF name)  | Load  |
-----------------------------------+------------------------+-------+
CLK                                | BUFGP                  | 3     |
-----------------------------------+------------------------+-------+

Asynchronous Control Signals Information:
----------------------------------------
No asynchronous control signals found in this design

Timing Summary:
---------------
Speed Grade: -5

   Minimum period: 2.032ns (Maximum Frequency: 492.211MHz)
   Minimum input arrival time before clock: 2.589ns
   Maximum output required time after clock: 5.373ns
   Maximum combinational path delay: No path found

Timing Detail:
--------------
All values displayed in nanoseconds (ns)

=========================================================================
Timing constraint: Default period analysis for Clock 'CLK'
  Clock period: 2.032ns (frequency: 492.211MHz)
  Total number of paths / destination ports: 9 / 4
-------------------------------------------------------------------------
Delay:               2.032ns (Levels of Logic = 1)
  Source:            state_FFd3 (FF)
  Destination:       state_FFd1 (FF)
  Source Clock:      CLK rising
  Destination Clock: CLK rising

  Data Path: state_FFd3 to state_FFd1
                                Gate     Net
    Cell:in->out      fanout   Delay   Delay  Logical Name (Net Name)
    ----------------------------------------  ------------
     FDRS:C->Q             6   0.514   0.638  state_FFd3 (state_FFd3)
     LUT4:I1->O            1   0.612   0.000  state_FFd1-In1 (state_FFd1-In)
     FDR:D                     0.268          state_FFd1
    ----------------------------------------
    Total                      2.032ns (1.394ns logic, 0.638ns route)
                                       (68.6% logic, 31.4% route)

=========================================================================
Timing constraint: Default OFFSET IN BEFORE for Clock 'CLK'
  Total number of paths / destination ports: 6 / 6
-------------------------------------------------------------------------
Offset:              2.589ns (Levels of Logic = 2)
  Source:            X (PAD)
  Destination:       state_FFd2 (FF)
  Destination Clock: CLK rising

  Data Path: X to state_FFd2
                                Gate     Net
    Cell:in->out      fanout   Delay   Delay  Logical Name (Net Name)
    ----------------------------------------  ------------
     IBUF:I->O             3   1.106   0.603  X_IBUF (X_IBUF)
     LUT4:I0->O            1   0.612   0.000  state_FFd1-In1 (state_FFd1-In)
     FDR:D                     0.268          state_FFd1
    ----------------------------------------
    Total                      2.589ns (1.986ns logic, 0.603ns route)
                                       (76.7% logic, 23.3% route)

=========================================================================
Timing constraint: Default OFFSET OUT AFTER for Clock 'CLK'
  Total number of paths / destination ports: 7 / 3
-------------------------------------------------------------------------
Offset:              5.373ns (Levels of Logic = 2)
  Source:            state_FFd3 (FF)
  Destination:       Z<2> (PAD)
  Source Clock:      CLK rising

  Data Path: state_FFd3 to Z<2>
                                Gate     Net
    Cell:in->out      fanout   Delay   Delay  Logical Name (Net Name)
    ----------------------------------------  ------------
     FDRS:C->Q             6   0.514   0.721  state_FFd3 (state_FFd3)
     LUT3:I0->O            1   0.612   0.357  state_Out01 (Z_2_OBUF)
     OBUF:I->O                 3.169          Z_2_OBUF (Z<2>)
    ----------------------------------------
    Total                      5.373ns (4.295ns logic, 1.078ns route)
                                       (79.9% logic, 20.1% route)

=========================================================================
CPU : 8.11 / 8.56 s | Elapsed : 8.00 / 8.00 s
 
--> 

Total memory usage is 194360 kilobytes

Number of errors   :    0 (   0 filtered)
Number of warnings :    0 (   0 filtered)
Number of infos    :    0 (   0 filtered)

