Release 9.2.04i - xst J.40
Copyright (c) 1995-2007 Xilinx, Inc.  All rights reserved.
--> Parameter TMPDIR set to ./xst/projnav.tmp
CPU : 0.00 / 0.11 s | Elapsed : 0.00 / 0.00 s
 
--> Parameter xsthdpdir set to ./xst
CPU : 0.00 / 0.11 s | Elapsed : 0.00 / 0.00 s
 
--> Reading design: schematic.prj

TABLE OF CONTENTS
  1) Synthesis Options Summary
  2) HDL Compilation
  3) Design Hierarchy Analysis
  4) HDL Analysis
  5) HDL Synthesis
     5.1) HDL Synthesis Report
  6) Advanced HDL Synthesis
     6.1) Advanced HDL Synthesis Report
  7) Low Level Synthesis
  8) Partition Report
  9) Final Report
     9.1) Device utilization summary
     9.2) Partition Resource Summary
     9.3) TIMING REPORT


=========================================================================
*                      Synthesis Options Summary                        *
=========================================================================
---- Source Parameters
Input File Name                    : "schematic.prj"
Input Format                       : mixed
Ignore Synthesis Constraint File   : NO

---- Target Parameters
Output File Name                   : "schematic"
Output Format                      : NGC
Target Device                      : xc3s100e-5-cp132

---- Source Options
Top Module Name                    : schematic
Automatic FSM Extraction           : YES
FSM Encoding Algorithm             : Auto
Safe Implementation                : No
FSM Style                          : lut
RAM Extraction                     : Yes
RAM Style                          : Auto
ROM Extraction                     : Yes
Mux Style                          : Auto
Decoder Extraction                 : YES
Priority Encoder Extraction        : YES
Shift Register Extraction          : YES
Logical Shifter Extraction         : YES
XOR Collapsing                     : YES
ROM Style                          : Auto
Mux Extraction                     : YES
Resource Sharing                   : YES
Asynchronous To Synchronous        : NO
Multiplier Style                   : auto
Automatic Register Balancing       : No

---- Target Options
Add IO Buffers                     : YES
Global Maximum Fanout              : 500
Add Generic Clock Buffer(BUFG)     : 24
Register Duplication               : YES
Slice Packing                      : YES
Optimize Instantiated Primitives   : NO
Use Clock Enable                   : Yes
Use Synchronous Set                : Yes
Use Synchronous Reset              : Yes
Pack IO Registers into IOBs        : auto
Equivalent register Removal        : YES

---- General Options
Optimization Goal                  : Speed
Optimization Effort                : 1
Library Search Order               : schematic.lso
Keep Hierarchy                     : NO
RTL Output                         : Yes
Global Optimization                : AllClockNets
Read Cores                         : YES
Write Timing Constraints           : NO
Cross Clock Analysis               : NO
Hierarchy Separator                : /
Bus Delimiter                      : <>
Case Specifier                     : maintain
Slice Utilization Ratio            : 100
BRAM Utilization Ratio             : 100
Verilog 2001                       : YES
Auto BRAM Packing                  : NO
Slice Utilization Ratio Delta      : 5

=========================================================================


=========================================================================
*                          HDL Compilation                              *
=========================================================================
WARNING:HDLParsers:3607 - Unit work/schematic is now defined in a different file.  It was defined in "U:/ECE 241/moorefsm/schematic.vhf", and is now defined in "//users.uidaho.edu/users/d/dona1865/ECE 241/moorefsm/schematic.vhf".
WARNING:HDLParsers:3607 - Unit work/schematic/BEHAVIORAL is now defined in a different file.  It was defined in "U:/ECE 241/moorefsm/schematic.vhf", and is now defined in "//users.uidaho.edu/users/d/dona1865/ECE 241/moorefsm/schematic.vhf".
Compiling vhdl file "//users.uidaho.edu/users/d/dona1865/ECE 241/moorefsm/schematic.vhf" in Library work.
Architecture behavioral of Entity schematic is up to date.

=========================================================================
*                     Design Hierarchy Analysis                         *
=========================================================================
Analyzing hierarchy for entity <schematic> in library <work> (architecture <behavioral>).


=========================================================================
*                            HDL Analysis                               *
=========================================================================
Analyzing Entity <schematic> in library <work> (Architecture <behavioral>).
    Set user-defined property "INIT =  0" for instance <XLXI_1> in unit <schematic>.
    Set user-defined property "INIT =  0" for instance <XLXI_2> in unit <schematic>.
Entity <schematic> analyzed. Unit <schematic> generated.


=========================================================================
*                           HDL Synthesis                               *
=========================================================================

Performing bidirectional port resolution...

Synthesizing Unit <schematic>.
    Related source file is "//users.uidaho.edu/users/d/dona1865/ECE 241/moorefsm/schematic.vhf".
Unit <schematic> synthesized.


=========================================================================
HDL Synthesis Report

Found no macro
=========================================================================

=========================================================================
*                       Advanced HDL Synthesis                          *
=========================================================================

Loading device for application Rf_Device from file '3s100e.nph' in environment C:\Xilinx\92i.

=========================================================================
Advanced HDL Synthesis Report

Macro Statistics
# Registers                                            : 2
 Flip-Flops                                            : 2

=========================================================================

=========================================================================
*                         Low Level Synthesis                           *
=========================================================================

Optimizing unit <schematic> ...

Mapping all equations...
Building and optimizing final netlist ...
Found area constraint ratio of 100 (+ 5) on block schematic, actual ratio is 0.

Final Macro Processing ...

=========================================================================
Final Register Report

Macro Statistics
# Registers                                            : 2
 Flip-Flops                                            : 2

=========================================================================

=========================================================================
*                          Partition Report                             *
=========================================================================

Partition Implementation Status
-------------------------------

  No Partitions were found in this design.

-------------------------------

=========================================================================
*                            Final Report                               *
=========================================================================
Final Results
RTL Top Level Output File Name     : schematic.ngr
Top Level Output File Name         : schematic
Output Format                      : NGC
Optimization Goal                  : Speed
Keep Hierarchy                     : NO

Design Statistics
# IOs                              : 4

Cell Usage :
# BELS                             : 7
#      AND2                        : 1
#      AND3                        : 2
#      INV                         : 3
#      OR2                         : 1
# FlipFlops/Latches                : 2
#      FDR                         : 2
# Clock Buffers                    : 1
#      BUFGP                       : 1
# IO Buffers                       : 3
#      IBUF                        : 2
#      OBUF                        : 1
=========================================================================

Device utilization summary:
---------------------------

Selected Device : 3s100ecp132-5 

 Number of Slices:                       2  out of    960     0%  
 Number of Slice Flip Flops:             2  out of   1920     0%  
 Number of 4 input LUTs:                 3  out of   1920     0%  
 Number of IOs:                          4
 Number of bonded IOBs:                  4  out of     83     4%  
 Number of GCLKs:                        1  out of     24     4%  

---------------------------
Partition Resource Summary:
---------------------------

  No Partitions were found in this design.

---------------------------


=========================================================================
TIMING REPORT

NOTE: THESE TIMING NUMBERS ARE ONLY A SYNTHESIS ESTIMATE.
      FOR ACCURATE TIMING INFORMATION PLEASE REFER TO THE TRACE REPORT
      GENERATED AFTER PLACE-and-ROUTE.

Clock Information:
------------------
-----------------------------------+------------------------+-------+
Clock Signal                       | Clock buffer(FF name)  | Load  |
-----------------------------------+------------------------+-------+
CLK                                | BUFGP                  | 2     |
-----------------------------------+------------------------+-------+

Asynchronous Control Signals Information:
----------------------------------------
No asynchronous control signals found in this design

Timing Summary:
---------------
Speed Grade: -5

   Minimum period: 4.163ns (Maximum Frequency: 240.194MHz)
   Minimum input arrival time before clock: 4.661ns
   Maximum output required time after clock: 5.103ns
   Maximum combinational path delay: No path found

Timing Detail:
--------------
All values displayed in nanoseconds (ns)

=========================================================================
Timing constraint: Default period analysis for Clock 'CLK'
  Clock period: 4.163ns (frequency: 240.194MHz)
  Total number of paths / destination ports: 5 / 2
-------------------------------------------------------------------------
Delay:               4.163ns (Levels of Logic = 3)
  Source:            XLXI_2 (FF)
  Destination:       XLXI_1 (FF)
  Source Clock:      CLK rising
  Destination Clock: CLK rising

  Data Path: XLXI_2 to XLXI_1
                                Gate     Net
    Cell:in->out      fanout   Delay   Delay  Logical Name (Net Name)
    ----------------------------------------  ------------
     FDR:C->Q              3   0.514   0.451  XLXI_2 (XLXN_80)
     INV:I->O              2   0.612   0.380  XLXI_25 (XLXN_53)
     AND3:I0->O            1   0.612   0.357  XLXI_29 (XLXN_60)
     OR2:I0->O             1   0.612   0.357  XLXI_27 (XLXN_58)
     FDR:D                     0.268          XLXI_1
    ----------------------------------------
    Total                      4.163ns (2.618ns logic, 1.545ns route)
                                       (62.9% logic, 37.1% route)

=========================================================================
Timing constraint: Default OFFSET IN BEFORE for Clock 'CLK'
  Total number of paths / destination ports: 4 / 3
-------------------------------------------------------------------------
Offset:              4.661ns (Levels of Logic = 4)
  Source:            X (PAD)
  Destination:       XLXI_1 (FF)
  Destination Clock: CLK rising

  Data Path: X to XLXI_1
                                Gate     Net
    Cell:in->out      fanout   Delay   Delay  Logical Name (Net Name)
    ----------------------------------------  ------------
     IBUF:I->O             2   1.106   0.380  X_IBUF (X_IBUF)
     INV:I->O              1   0.612   0.357  XLXI_23 (XLXN_52)
     AND3:I2->O            1   0.612   0.357  XLXI_29 (XLXN_60)
     OR2:I0->O             1   0.612   0.357  XLXI_27 (XLXN_58)
     FDR:D                     0.268          XLXI_1
    ----------------------------------------
    Total                      4.661ns (3.210ns logic, 1.451ns route)
                                       (68.9% logic, 31.1% route)

=========================================================================
Timing constraint: Default OFFSET OUT AFTER for Clock 'CLK'
  Total number of paths / destination ports: 2 / 1
-------------------------------------------------------------------------
Offset:              5.103ns (Levels of Logic = 2)
  Source:            XLXI_2 (FF)
  Destination:       Y (PAD)
  Source Clock:      CLK rising

  Data Path: XLXI_2 to Y
                                Gate     Net
    Cell:in->out      fanout   Delay   Delay  Logical Name (Net Name)
    ----------------------------------------  ------------
     FDR:C->Q              3   0.514   0.451  XLXI_2 (XLXN_80)
     AND2:I0->O            1   0.612   0.357  XLXI_39 (Y_OBUF)
     OBUF:I->O                 3.169          Y_OBUF (Y)
    ----------------------------------------
    Total                      5.103ns (4.295ns logic, 0.808ns route)
                                       (84.2% logic, 15.8% route)

=========================================================================
CPU : 2.82 / 2.95 s | Elapsed : 3.00 / 3.00 s
 
--> 

Total memory usage is 198968 kilobytes

Number of errors   :    0 (   0 filtered)
Number of warnings :    2 (   0 filtered)
Number of infos    :    0 (   0 filtered)

