 command line:
   ./counter_isim_beh.exe
     -intstyle  ise
     -ipchost  localhost
     -ipcport  52117

Tue Mar 28 12:24:19 2017

Total Line Count : 23

 Elaboration time : 0 sec.

 Estimate current memory usage : 154.333 Meg. 

 Total Signals          : 5
 Total Nets             : 9
 Total Signal Drivers   : 1
 Total Blocks           : 4
 Total Primitive Blocks : 1
 Total Processes        : 1
 Total Traceable Variables  : 0
 Total Scalar Nets and Variables : 9
ntrace select -o on -m / -l this 
ntrace start 
isimrun 1000 ns 
Simulator is doing circuit initialization process.
Finished circuit initialization process.

 Simulation time 0 sec.

 Estimate current memory usage : 163.508 Meg. 

Tue Mar 28 12:24:59 2017

