--------------------------------------------------------------------------------
Release 9.2.04i Trace 
Copyright (c) 1995-2007 Xilinx, Inc.  All rights reserved.

C:\Xilinx\92i\bin\nt\trce.exe -ise U:/ECE 241/lab 4/lab_4/lab_4.ise -intstyle
ise -e 3 -s 5 -xml schem schem.ncd -o schem.twr schem.pcf -ucf schem.ucf

Design file:              schem.ncd
Physical constraint file: schem.pcf
Device,package,speed:     xc3s100e,cp132,-5 (PRODUCTION 1.27 2007-10-19)
Report level:             error report

Environment Variable      Effect 
--------------------      ------ 
NONE                      No environment variables were set
--------------------------------------------------------------------------------

INFO:Timing:2698 - No timing constraints found, doing default enumeration.
INFO:Timing:2752 - To get complete path coverage, use the unconstrained paths 
   option. All paths that are not constrained will be reported in the 
   unconstrained paths section(s) of the report.
INFO:Timing:3339 - The clock-to-out numbers in this timing report are based on 
   a 50 Ohm transmission line loading model.  For the details of this model, 
   and for more information on accounting for different loading conditions, 
   please see the device datasheet.



Data Sheet report:
-----------------
All values displayed in nanoseconds (ns)

Pad to Pad
---------------+---------------+---------+
Source Pad     |Destination Pad|  Delay  |
---------------+---------------+---------+
in_0           |lil_a          |    9.177|
in_0           |lil_b          |    8.214|
in_0           |lil_c          |    9.030|
in_0           |lil_d          |    7.076|
in_0           |lil_e          |    8.396|
in_0           |lil_f          |    7.194|
in_0           |lil_g          |    7.715|
in_1           |lil_a          |    9.268|
in_1           |lil_b          |    8.201|
in_1           |lil_c          |    8.825|
in_1           |lil_d          |    7.832|
in_1           |lil_e          |    8.327|
in_1           |lil_f          |    8.109|
in_1           |lil_g          |    7.273|
in_2           |lil_a          |    9.425|
in_2           |lil_b          |    8.112|
in_2           |lil_c          |    8.305|
in_2           |lil_d          |    7.314|
in_2           |lil_e          |    8.271|
in_2           |lil_f          |    7.543|
in_2           |lil_g          |    7.912|
in_3           |lil_a          |    8.673|
in_3           |lil_b          |    7.320|
in_3           |lil_c          |    8.134|
in_3           |lil_d          |    7.696|
in_3           |lil_e          |    7.452|
in_3           |lil_f          |    7.774|
in_3           |lil_g          |    7.070|
---------------+---------------+---------+


Analysis completed Tue Feb 14 13:28:22 2017 
--------------------------------------------------------------------------------

Trace Settings:
-------------------------
Trace Settings 

Peak Memory Usage: 123 MB



