Release 9.2.04i - xst J.40
Copyright (c) 1995-2007 Xilinx, Inc.  All rights reserved.
--> Parameter TMPDIR set to ./xst/projnav.tmp
CPU : 0.00 / 0.13 s | Elapsed : 0.00 / 0.00 s
 
--> Parameter xsthdpdir set to ./xst
CPU : 0.00 / 0.13 s | Elapsed : 0.00 / 0.00 s
 
--> Reading design: ALU.prj

TABLE OF CONTENTS
  1) Synthesis Options Summary
  2) HDL Compilation
  3) Design Hierarchy Analysis
  4) HDL Analysis
  5) HDL Synthesis
     5.1) HDL Synthesis Report
  6) Advanced HDL Synthesis
     6.1) Advanced HDL Synthesis Report
  7) Low Level Synthesis
  8) Partition Report
  9) Final Report
     9.1) Device utilization summary
     9.2) Partition Resource Summary
     9.3) TIMING REPORT


=========================================================================
*                      Synthesis Options Summary                        *
=========================================================================
---- Source Parameters
Input File Name                    : "ALU.prj"
Input Format                       : mixed
Ignore Synthesis Constraint File   : NO

---- Target Parameters
Output File Name                   : "ALU"
Output Format                      : NGC
Target Device                      : xc3s100e-5-cp132

---- Source Options
Top Module Name                    : ALU
Automatic FSM Extraction           : YES
FSM Encoding Algorithm             : Auto
Safe Implementation                : No
FSM Style                          : lut
RAM Extraction                     : Yes
RAM Style                          : Auto
ROM Extraction                     : Yes
Mux Style                          : Auto
Decoder Extraction                 : YES
Priority Encoder Extraction        : YES
Shift Register Extraction          : YES
Logical Shifter Extraction         : YES
XOR Collapsing                     : YES
ROM Style                          : Auto
Mux Extraction                     : YES
Resource Sharing                   : YES
Asynchronous To Synchronous        : NO
Multiplier Style                   : auto
Automatic Register Balancing       : No

---- Target Options
Add IO Buffers                     : YES
Global Maximum Fanout              : 500
Add Generic Clock Buffer(BUFG)     : 24
Register Duplication               : YES
Slice Packing                      : YES
Optimize Instantiated Primitives   : NO
Use Clock Enable                   : Yes
Use Synchronous Set                : Yes
Use Synchronous Reset              : Yes
Pack IO Registers into IOBs        : auto
Equivalent register Removal        : YES

---- General Options
Optimization Goal                  : Speed
Optimization Effort                : 1
Library Search Order               : ALU.lso
Keep Hierarchy                     : NO
RTL Output                         : Yes
Global Optimization                : AllClockNets
Read Cores                         : YES
Write Timing Constraints           : NO
Cross Clock Analysis               : NO
Hierarchy Separator                : /
Bus Delimiter                      : <>
Case Specifier                     : maintain
Slice Utilization Ratio            : 100
BRAM Utilization Ratio             : 100
Verilog 2001                       : YES
Auto BRAM Packing                  : NO
Slice Utilization Ratio Delta      : 5

=========================================================================


=========================================================================
*                          HDL Compilation                              *
=========================================================================
Compiling vhdl file "//users.uidaho.edu/users/d/dona1865/ECE 241/lab12/MUX2_1_3b.vhd" in Library work.
Architecture behavioral of Entity mux2_1_3b is up to date.
Compiling vhdl file "//users.uidaho.edu/users/d/dona1865/ECE 241/lab12/ALU.vhd" in Library work.
Entity <alu> compiled.
Entity <alu> (Architecture <behavioral>) compiled.

=========================================================================
*                     Design Hierarchy Analysis                         *
=========================================================================
Analyzing hierarchy for entity <ALU> in library <work> (architecture <behavioral>).

Analyzing hierarchy for entity <MUX2_1_3b> in library <work> (architecture <behavioral>).


=========================================================================
*                            HDL Analysis                               *
=========================================================================
Analyzing Entity <ALU> in library <work> (Architecture <behavioral>).
Entity <ALU> analyzed. Unit <ALU> generated.

Analyzing Entity <MUX2_1_3b> in library <work> (Architecture <behavioral>).
Entity <MUX2_1_3b> analyzed. Unit <MUX2_1_3b> generated.


=========================================================================
*                           HDL Synthesis                               *
=========================================================================

Performing bidirectional port resolution...

Synthesizing Unit <MUX2_1_3b>.
    Related source file is "//users.uidaho.edu/users/d/dona1865/ECE 241/lab12/MUX2_1_3b.vhd".
Unit <MUX2_1_3b> synthesized.


Synthesizing Unit <ALU>.
    Related source file is "//users.uidaho.edu/users/d/dona1865/ECE 241/lab12/ALU.vhd".
WARNING:Xst:2734 - Property "use_dsp48" is not applicable for this technology.
WARNING:Xst:2734 - Property "use_dsp48" is not applicable for this technology.
    Found 3-bit adder for signal <a1>.
    Found 3-bit subtractor for signal <a2>.
    Summary:
	inferred   2 Adder/Subtractor(s).
Unit <ALU> synthesized.


=========================================================================
HDL Synthesis Report

Macro Statistics
# Adders/Subtractors                                   : 2
 3-bit adder                                           : 1
 3-bit subtractor                                      : 1

=========================================================================

=========================================================================
*                       Advanced HDL Synthesis                          *
=========================================================================

Loading device for application Rf_Device from file '3s100e.nph' in environment C:\Xilinx\92i.

=========================================================================
Advanced HDL Synthesis Report

Macro Statistics
# Adders/Subtractors                                   : 2
 3-bit adder                                           : 1
 3-bit subtractor                                      : 1

=========================================================================

=========================================================================
*                         Low Level Synthesis                           *
=========================================================================

Optimizing unit <ALU> ...

Mapping all equations...
Building and optimizing final netlist ...
Found area constraint ratio of 100 (+ 5) on block ALU, actual ratio is 0.

Final Macro Processing ...

=========================================================================
Final Register Report

Found no macro
=========================================================================

=========================================================================
*                          Partition Report                             *
=========================================================================

Partition Implementation Status
-------------------------------

  No Partitions were found in this design.

-------------------------------

=========================================================================
*                            Final Report                               *
=========================================================================
Final Results
RTL Top Level Output File Name     : ALU.ngr
Top Level Output File Name         : ALU
Output Format                      : NGC
Optimization Goal                  : Speed
Keep Hierarchy                     : NO

Design Statistics
# IOs                              : 11

Cell Usage :
# BELS                             : 11
#      LUT2                        : 2
#      LUT4                        : 7
#      MUXF5                       : 2
# IO Buffers                       : 11
#      IBUF                        : 8
#      OBUF                        : 3
=========================================================================

Device utilization summary:
---------------------------

Selected Device : 3s100ecp132-5 

 Number of Slices:                       5  out of    960     0%  
 Number of 4 input LUTs:                 9  out of   1920     0%  
 Number of IOs:                         11
 Number of bonded IOBs:                 11  out of     83    13%  

---------------------------
Partition Resource Summary:
---------------------------

  No Partitions were found in this design.

---------------------------


=========================================================================
TIMING REPORT

NOTE: THESE TIMING NUMBERS ARE ONLY A SYNTHESIS ESTIMATE.
      FOR ACCURATE TIMING INFORMATION PLEASE REFER TO THE TRACE REPORT
      GENERATED AFTER PLACE-and-ROUTE.

Clock Information:
------------------
No clock signals found in this design

Asynchronous Control Signals Information:
----------------------------------------
No asynchronous control signals found in this design

Timing Summary:
---------------
Speed Grade: -5

   Minimum period: No path found
   Minimum input arrival time before clock: No path found
   Maximum output required time after clock: No path found
   Maximum combinational path delay: 7.211ns

Timing Detail:
--------------
All values displayed in nanoseconds (ns)

=========================================================================
Timing constraint: Default path analysis
  Total number of paths / destination ports: 30 / 3
-------------------------------------------------------------------------
Delay:               7.211ns (Levels of Logic = 5)
  Source:            a<0> (PAD)
  Destination:       y<1> (PAD)

  Data Path: a<0> to y<1>
                                Gate     Net
    Cell:in->out      fanout   Delay   Delay  Logical Name (Net Name)
    ----------------------------------------  ------------
     IBUF:I->O             5   1.106   0.690  a_0_IBUF (a_0_IBUF)
     LUT2:I0->O            1   0.612   0.387  Madd_a1_cy<0>11 (Madd_a1_cy<0>)
     LUT4:I2->O            1   0.612   0.000  m3/Y<1>_F (N29)
     MUXF5:I0->O           1   0.278   0.357  m3/Y<1> (y_1_OBUF)
     OBUF:I->O                 3.169          y_1_OBUF (y<1>)
    ----------------------------------------
    Total                      7.211ns (5.777ns logic, 1.434ns route)
                                       (80.1% logic, 19.9% route)

=========================================================================
CPU : 3.06 / 3.20 s | Elapsed : 3.00 / 3.00 s
 
--> 

Total memory usage is 193856 kilobytes

Number of errors   :    0 (   0 filtered)
Number of warnings :    2 (   0 filtered)
Number of infos    :    0 (   0 filtered)

