--------------------------------------------------------------------------------
Release 9.2.04i Trace 
Copyright (c) 1995-2007 Xilinx, Inc.  All rights reserved.

C:\Xilinx\92i\bin\nt\trce.exe -ise U:/ECE 241/lab12/lab12.ise -intstyle ise -e
3 -s 5 -xml ALU ALU.ncd -o ALU.twr ALU.pcf -ucf ALU.ucf

Design file:              alu.ncd
Physical constraint file: alu.pcf
Device,package,speed:     xc3s100e,cp132,-5 (PRODUCTION 1.27 2007-10-19)
Report level:             error report

Environment Variable      Effect 
--------------------      ------ 
NONE                      No environment variables were set
--------------------------------------------------------------------------------

INFO:Timing:2698 - No timing constraints found, doing default enumeration.
INFO:Timing:2752 - To get complete path coverage, use the unconstrained paths 
   option. All paths that are not constrained will be reported in the 
   unconstrained paths section(s) of the report.
INFO:Timing:3339 - The clock-to-out numbers in this timing report are based on 
   a 50 Ohm transmission line loading model.  For the details of this model, 
   and for more information on accounting for different loading conditions, 
   please see the device datasheet.



Data Sheet report:
-----------------
All values displayed in nanoseconds (ns)

Pad to Pad
---------------+---------------+---------+
Source Pad     |Destination Pad|  Delay  |
---------------+---------------+---------+
a<0>           |y<0>           |    7.713|
a<0>           |y<1>           |    8.283|
a<0>           |y<2>           |    7.994|
a<1>           |y<1>           |    7.441|
a<1>           |y<2>           |    8.027|
a<2>           |y<2>           |    7.555|
b<0>           |y<0>           |    7.247|
b<0>           |y<1>           |    8.080|
b<0>           |y<2>           |    7.362|
b<1>           |y<1>           |    7.565|
b<1>           |y<2>           |    8.096|
b<2>           |y<2>           |    6.280|
switch<0>      |y<0>           |    8.199|
switch<0>      |y<1>           |    7.948|
switch<0>      |y<2>           |    6.967|
switch<1>      |y<0>           |    7.973|
switch<1>      |y<1>           |    8.036|
switch<1>      |y<2>           |    7.162|
---------------+---------------+---------+


Analysis completed Tue Apr 18 12:57:54 2017 
--------------------------------------------------------------------------------

Trace Settings:
-------------------------
Trace Settings 

Peak Memory Usage: 124 MB



