--------------------------------------------------------------------------------
Release 9.2.04i Trace 
Copyright (c) 1995-2007 Xilinx, Inc.  All rights reserved.

C:\Xilinx\92i\bin\nt\trce.exe -ise U:/ECE 241/lab1.1/lab1.1/lab1.1.ise
-intstyle ise -e 3 -s 5 -xml schem schem.ncd -o schem.twr schem.pcf -ucf
schem.ucf

Design file:              schem.ncd
Physical constraint file: schem.pcf
Device,package,speed:     xc3s100e,cp132,-5 (PRODUCTION 1.27 2007-10-19)
Report level:             error report

Environment Variable      Effect 
--------------------      ------ 
NONE                      No environment variables were set
--------------------------------------------------------------------------------

INFO:Timing:2698 - No timing constraints found, doing default enumeration.
INFO:Timing:2752 - To get complete path coverage, use the unconstrained paths 
   option. All paths that are not constrained will be reported in the 
   unconstrained paths section(s) of the report.
INFO:Timing:3339 - The clock-to-out numbers in this timing report are based on 
   a 50 Ohm transmission line loading model.  For the details of this model, 
   and for more information on accounting for different loading conditions, 
   please see the device datasheet.



Data Sheet report:
-----------------
All values displayed in nanoseconds (ns)

Pad to Pad
---------------+---------------+---------+
Source Pad     |Destination Pad|  Delay  |
---------------+---------------+---------+
my_in          |my_out         |    5.897|
---------------+---------------+---------+


Analysis completed Tue Jan 17 13:17:55 2017 
--------------------------------------------------------------------------------

Trace Settings:
-------------------------
Trace Settings 

Peak Memory Usage: 120 MB



