--------------------------------------------------------------------------------
Release 9.2.04i Trace 
Copyright (c) 1995-2007 Xilinx, Inc.  All rights reserved.

C:\Xilinx\92i\bin\nt\trce.exe -ise U:/ECE 241/lab6/lab6.ise -intstyle ise -e 3
-s 5 -xml adder adder.ncd -o adder.twr adder.pcf -ucf adder.ucf

Design file:              adder.ncd
Physical constraint file: adder.pcf
Device,package,speed:     xc3s100e,cp132,-5 (PRODUCTION 1.27 2007-10-19)
Report level:             error report

Environment Variable      Effect 
--------------------      ------ 
NONE                      No environment variables were set
--------------------------------------------------------------------------------

INFO:Timing:2698 - No timing constraints found, doing default enumeration.
INFO:Timing:2752 - To get complete path coverage, use the unconstrained paths 
   option. All paths that are not constrained will be reported in the 
   unconstrained paths section(s) of the report.
INFO:Timing:3339 - The clock-to-out numbers in this timing report are based on 
   a 50 Ohm transmission line loading model.  For the details of this model, 
   and for more information on accounting for different loading conditions, 
   please see the device datasheet.



Data Sheet report:
-----------------
All values displayed in nanoseconds (ns)

Pad to Pad
---------------+---------------+---------+
Source Pad     |Destination Pad|  Delay  |
---------------+---------------+---------+
A0             |Cout           |    6.262|
A0             |S0             |    7.071|
A0             |S1             |    7.192|
A1             |Cout           |    6.909|
A1             |S1             |    7.694|
B0             |Cout           |    6.317|
B0             |S0             |    7.174|
B0             |S1             |    7.239|
B1             |Cout           |    6.211|
B1             |S1             |    6.985|
---------------+---------------+---------+


Analysis completed Tue Feb 28 13:18:11 2017 
--------------------------------------------------------------------------------

Trace Settings:
-------------------------
Trace Settings 

Peak Memory Usage: 124 MB



