--------------------------------------------------------------------------------
Release 9.2.04i Trace 
Copyright (c) 1995-2007 Xilinx, Inc.  All rights reserved.

C:\Xilinx\92i\bin\nt\trce.exe -ise U:/ECE 241/lab7/lab7.ise -intstyle ise -e 3
-s 5 -xml comparator comparator.ncd -o comparator.twr comparator.pcf -ucf
comparator.ucf

Design file:              comparator.ncd
Physical constraint file: comparator.pcf
Device,package,speed:     xc3s100e,cp132,-5 (PRODUCTION 1.27 2007-10-19)
Report level:             error report

Environment Variable      Effect 
--------------------      ------ 
NONE                      No environment variables were set
--------------------------------------------------------------------------------

INFO:Timing:2698 - No timing constraints found, doing default enumeration.
INFO:Timing:2752 - To get complete path coverage, use the unconstrained paths 
   option. All paths that are not constrained will be reported in the 
   unconstrained paths section(s) of the report.
INFO:Timing:3339 - The clock-to-out numbers in this timing report are based on 
   a 50 Ohm transmission line loading model.  For the details of this model, 
   and for more information on accounting for different loading conditions, 
   please see the device datasheet.



Data Sheet report:
-----------------
All values displayed in nanoseconds (ns)

Pad to Pad
---------------+---------------+---------+
Source Pad     |Destination Pad|  Delay  |
---------------+---------------+---------+
A0             |EQ<0>          |    6.768|
A0             |GRT<0>         |    6.949|
A0             |LT<0>          |    6.845|
A1             |EQ<0>          |    7.483|
A1             |EQ<1>          |    6.652|
A1             |GRT<0>         |    8.550|
A1             |GRT<1>         |    6.591|
A1             |LT<0>          |    7.700|
A1             |LT<1>          |    6.512|
A2             |EQ<0>          |   10.047|
A2             |EQ<1>          |    9.216|
A2             |EQ<2>          |    7.330|
A2             |GRT<0>         |   10.554|
A2             |GRT<1>         |    8.556|
A2             |GRT<2>         |    6.647|
A2             |LT<0>          |   10.264|
A2             |LT<1>          |    9.076|
A2             |LT<2>          |    6.824|
A3             |EQ<0>          |   10.447|
A3             |EQ<1>          |    9.616|
A3             |EQ<2>          |    7.730|
A3             |EQ<3>          |    6.629|
A3             |GRT<0>         |   10.954|
A3             |GRT<1>         |    8.956|
A3             |GRT<2>         |    6.996|
A3             |GRT<3>         |    6.900|
A3             |LT<0>          |   10.664|
A3             |LT<1>          |    9.476|
A3             |LT<2>          |    7.240|
A3             |LT<3>          |    6.444|
B0             |EQ<0>          |    7.159|
B0             |GRT<0>         |    7.537|
B0             |LT<0>          |    7.583|
B1             |EQ<0>          |    7.749|
B1             |EQ<1>          |    6.918|
B1             |GRT<0>         |    8.256|
B1             |GRT<1>         |    6.217|
B1             |LT<0>          |    8.288|
B1             |LT<1>          |    7.124|
B2             |EQ<0>          |    9.695|
B2             |EQ<1>          |    8.864|
B2             |EQ<2>          |    6.978|
B2             |GRT<0>         |   10.202|
B2             |GRT<1>         |    8.204|
B2             |GRT<2>         |    6.475|
B2             |LT<0>          |    9.912|
B2             |LT<1>          |    8.724|
B2             |LT<2>          |    6.884|
B3             |EQ<0>          |    9.515|
B3             |EQ<1>          |    8.684|
B3             |EQ<2>          |    6.798|
B3             |EQ<3>          |    6.102|
B3             |GRT<0>         |   10.022|
B3             |GRT<1>         |    8.024|
B3             |GRT<2>         |    6.351|
B3             |GRT<3>         |    6.317|
B3             |LT<0>          |    9.732|
B3             |LT<1>          |    8.544|
B3             |LT<2>          |    6.656|
B3             |LT<3>          |    6.370|
---------------+---------------+---------+


Analysis completed Tue Mar 07 12:43:39 2017 
--------------------------------------------------------------------------------

Trace Settings:
-------------------------
Trace Settings 

Peak Memory Usage: 123 MB



