Release 9.2.04i - xst J.40
Copyright (c) 1995-2007 Xilinx, Inc.  All rights reserved.
--> Parameter TMPDIR set to ./xst/projnav.tmp
CPU : 0.00 / 0.11 s | Elapsed : 0.00 / 1.00 s
 
--> Parameter xsthdpdir set to ./xst
CPU : 0.00 / 0.11 s | Elapsed : 0.00 / 1.00 s
 
--> Reading design: mealy.prj

TABLE OF CONTENTS
  1) Synthesis Options Summary
  2) HDL Compilation
  3) Design Hierarchy Analysis
  4) HDL Analysis
  5) HDL Synthesis
     5.1) HDL Synthesis Report
  6) Advanced HDL Synthesis
     6.1) Advanced HDL Synthesis Report
  7) Low Level Synthesis
  8) Partition Report
  9) Final Report
     9.1) Device utilization summary
     9.2) Partition Resource Summary
     9.3) TIMING REPORT


=========================================================================
*                      Synthesis Options Summary                        *
=========================================================================
---- Source Parameters
Input File Name                    : "mealy.prj"
Input Format                       : mixed
Ignore Synthesis Constraint File   : NO

---- Target Parameters
Output File Name                   : "mealy"
Output Format                      : NGC
Target Device                      : xc3s100e-5-cp132

---- Source Options
Top Module Name                    : mealy
Automatic FSM Extraction           : YES
FSM Encoding Algorithm             : Auto
Safe Implementation                : No
FSM Style                          : lut
RAM Extraction                     : Yes
RAM Style                          : Auto
ROM Extraction                     : Yes
Mux Style                          : Auto
Decoder Extraction                 : YES
Priority Encoder Extraction        : YES
Shift Register Extraction          : YES
Logical Shifter Extraction         : YES
XOR Collapsing                     : YES
ROM Style                          : Auto
Mux Extraction                     : YES
Resource Sharing                   : YES
Asynchronous To Synchronous        : NO
Multiplier Style                   : auto
Automatic Register Balancing       : No

---- Target Options
Add IO Buffers                     : YES
Global Maximum Fanout              : 500
Add Generic Clock Buffer(BUFG)     : 24
Register Duplication               : YES
Slice Packing                      : YES
Optimize Instantiated Primitives   : NO
Use Clock Enable                   : Yes
Use Synchronous Set                : Yes
Use Synchronous Reset              : Yes
Pack IO Registers into IOBs        : auto
Equivalent register Removal        : YES

---- General Options
Optimization Goal                  : Speed
Optimization Effort                : 1
Library Search Order               : mealy.lso
Keep Hierarchy                     : NO
RTL Output                         : Yes
Global Optimization                : AllClockNets
Read Cores                         : YES
Write Timing Constraints           : NO
Cross Clock Analysis               : NO
Hierarchy Separator                : /
Bus Delimiter                      : <>
Case Specifier                     : maintain
Slice Utilization Ratio            : 100
BRAM Utilization Ratio             : 100
Verilog 2001                       : YES
Auto BRAM Packing                  : NO
Slice Utilization Ratio Delta      : 5

=========================================================================


=========================================================================
*                          HDL Compilation                              *
=========================================================================
Compiling vhdl file "//users.uidaho.edu/users/d/dona1865/ECE 241/moore/mealy.vhf" in Library work.
Architecture behavioral of Entity mealy is up to date.

=========================================================================
*                     Design Hierarchy Analysis                         *
=========================================================================
Analyzing hierarchy for entity <mealy> in library <work> (architecture <behavioral>).


=========================================================================
*                            HDL Analysis                               *
=========================================================================
Analyzing Entity <mealy> in library <work> (Architecture <behavioral>).
    Set user-defined property "INIT =  0" for instance <XLXI_1> in unit <mealy>.
    Set user-defined property "INIT =  0" for instance <XLXI_2> in unit <mealy>.
Entity <mealy> analyzed. Unit <mealy> generated.


=========================================================================
*                           HDL Synthesis                               *
=========================================================================

Performing bidirectional port resolution...

Synthesizing Unit <mealy>.
    Related source file is "//users.uidaho.edu/users/d/dona1865/ECE 241/moore/mealy.vhf".
WARNING:Xst:653 - Signal <Reset_DUMMY> is used but never assigned. Tied to value 0.
Unit <mealy> synthesized.


=========================================================================
HDL Synthesis Report

Found no macro
=========================================================================

=========================================================================
*                       Advanced HDL Synthesis                          *
=========================================================================

Loading device for application Rf_Device from file '3s100e.nph' in environment C:\Xilinx\92i.

=========================================================================
Advanced HDL Synthesis Report

Macro Statistics
# Registers                                            : 2
 Flip-Flops                                            : 2

=========================================================================

=========================================================================
*                         Low Level Synthesis                           *
=========================================================================

Optimizing unit <mealy> ...

Mapping all equations...
Building and optimizing final netlist ...
Found area constraint ratio of 100 (+ 5) on block mealy, actual ratio is 0.

Final Macro Processing ...

=========================================================================
Final Register Report

Macro Statistics
# Registers                                            : 2
 Flip-Flops                                            : 2

=========================================================================

=========================================================================
*                          Partition Report                             *
=========================================================================

Partition Implementation Status
-------------------------------

  No Partitions were found in this design.

-------------------------------

=========================================================================
*                            Final Report                               *
=========================================================================
Final Results
RTL Top Level Output File Name     : mealy.ngr
Top Level Output File Name         : mealy
Output Format                      : NGC
Optimization Goal                  : Speed
Keep Hierarchy                     : NO

Design Statistics
# IOs                              : 4

Cell Usage :
# BELS                             : 11
#      AND2                        : 2
#      AND3                        : 2
#      GND                         : 1
#      INV                         : 5
#      OR2                         : 1
# FlipFlops/Latches                : 2
#      FDR                         : 2
# Clock Buffers                    : 1
#      BUFGP                       : 1
# IO Buffers                       : 3
#      IBUF                        : 1
#      OBUF                        : 2
=========================================================================

Device utilization summary:
---------------------------

Selected Device : 3s100ecp132-5 

 Number of Slices:                       3  out of    960     0%  
 Number of Slice Flip Flops:             2  out of   1920     0%  
 Number of 4 input LUTs:                 5  out of   1920     0%  
 Number of IOs:                          4
 Number of bonded IOBs:                  4  out of     83     4%  
 Number of GCLKs:                        1  out of     24     4%  

---------------------------
Partition Resource Summary:
---------------------------

  No Partitions were found in this design.

---------------------------


=========================================================================
TIMING REPORT

NOTE: THESE TIMING NUMBERS ARE ONLY A SYNTHESIS ESTIMATE.
      FOR ACCURATE TIMING INFORMATION PLEASE REFER TO THE TRACE REPORT
      GENERATED AFTER PLACE-and-ROUTE.

Clock Information:
------------------
-----------------------------------+------------------------+-------+
Clock Signal                       | Clock buffer(FF name)  | Load  |
-----------------------------------+------------------------+-------+
CLK                                | BUFGP                  | 2     |
-----------------------------------+------------------------+-------+

Asynchronous Control Signals Information:
----------------------------------------
No asynchronous control signals found in this design

Timing Summary:
---------------
Speed Grade: -5

   Minimum period: 4.140ns (Maximum Frequency: 241.525MHz)
   Minimum input arrival time before clock: 4.755ns
   Maximum output required time after clock: 6.072ns
   Maximum combinational path delay: 6.664ns

Timing Detail:
--------------
All values displayed in nanoseconds (ns)

=========================================================================
Timing constraint: Default period analysis for Clock 'CLK'
  Clock period: 4.140ns (frequency: 241.525MHz)
  Total number of paths / destination ports: 4 / 2
-------------------------------------------------------------------------
Delay:               4.140ns (Levels of Logic = 3)
  Source:            XLXI_2 (FF)
  Destination:       XLXI_2 (FF)
  Source Clock:      CLK rising
  Destination Clock: CLK rising

  Data Path: XLXI_2 to XLXI_2
                                Gate     Net
    Cell:in->out      fanout   Delay   Delay  Logical Name (Net Name)
    ----------------------------------------  ------------
     FDR:C->Q              3   0.514   0.451  XLXI_2 (XLXN_2)
     INV:I->O              1   0.612   0.357  XLXI_5 (XLXN_8)
     AND2:I0->O            1   0.612   0.357  XLXI_18 (XLXN_42)
     OR2:I0->O             1   0.612   0.357  XLXI_20 (XLXN_45)
     FDR:D                     0.268          XLXI_2
    ----------------------------------------
    Total                      4.140ns (2.618ns logic, 1.522ns route)
                                       (63.2% logic, 36.8% route)

=========================================================================
Timing constraint: Default OFFSET IN BEFORE for Clock 'CLK'
  Total number of paths / destination ports: 3 / 2
-------------------------------------------------------------------------
Offset:              4.755ns (Levels of Logic = 4)
  Source:            X (PAD)
  Destination:       XLXI_2 (FF)
  Destination Clock: CLK rising

  Data Path: X to XLXI_2
                                Gate     Net
    Cell:in->out      fanout   Delay   Delay  Logical Name (Net Name)
    ----------------------------------------  ------------
     IBUF:I->O             3   1.106   0.451  X_IBUF (X_IBUF)
     INV:I->O              2   0.612   0.380  XLXI_3 (XLXN_37)
     AND2:I1->O            1   0.612   0.357  XLXI_17 (XLXN_41)
     OR2:I1->O             1   0.612   0.357  XLXI_20 (XLXN_45)
     FDR:D                     0.268          XLXI_2
    ----------------------------------------
    Total                      4.755ns (3.210ns logic, 1.545ns route)
                                       (67.5% logic, 32.5% route)

=========================================================================
Timing constraint: Default OFFSET OUT AFTER for Clock 'CLK'
  Total number of paths / destination ports: 2 / 1
-------------------------------------------------------------------------
Offset:              6.072ns (Levels of Logic = 3)
  Source:            XLXI_2 (FF)
  Destination:       Y (PAD)
  Source Clock:      CLK rising

  Data Path: XLXI_2 to Y
                                Gate     Net
    Cell:in->out      fanout   Delay   Delay  Logical Name (Net Name)
    ----------------------------------------  ------------
     FDR:C->Q              3   0.514   0.451  XLXI_2 (XLXN_2)
     INV:I->O              1   0.612   0.357  XLXI_14 (XLXN_24)
     AND3:I1->O            1   0.612   0.357  XLXI_12 (Y_OBUF)
     OBUF:I->O                 3.169          Y_OBUF (Y)
    ----------------------------------------
    Total                      6.072ns (4.907ns logic, 1.165ns route)
                                       (80.8% logic, 19.2% route)

=========================================================================
Timing constraint: Default path analysis
  Total number of paths / destination ports: 1 / 1
-------------------------------------------------------------------------
Delay:               6.664ns (Levels of Logic = 4)
  Source:            X (PAD)
  Destination:       Y (PAD)

  Data Path: X to Y
                                Gate     Net
    Cell:in->out      fanout   Delay   Delay  Logical Name (Net Name)
    ----------------------------------------  ------------
     IBUF:I->O             3   1.106   0.451  X_IBUF (X_IBUF)
     INV:I->O              1   0.612   0.357  XLXI_13 (XLXN_23)
     AND3:I0->O            1   0.612   0.357  XLXI_12 (Y_OBUF)
     OBUF:I->O                 3.169          Y_OBUF (Y)
    ----------------------------------------
    Total                      6.664ns (5.499ns logic, 1.165ns route)
                                       (82.5% logic, 17.5% route)

=========================================================================
CPU : 2.87 / 3.00 s | Elapsed : 2.00 / 3.00 s
 
--> 

Total memory usage is 198840 kilobytes

Number of errors   :    0 (   0 filtered)
Number of warnings :    1 (   0 filtered)
Number of infos    :    0 (   0 filtered)

