 command line:
   ./TB2_isim_par.exe
     -sdfmax  /UUT/=netgen/par/schem_timesim.sdf
     -sdfroot  /UUT
     -intstyle  ise
     -ipchost  localhost
     -ipcport  56885

Tue Feb 14 13:24:58 2017

Total Line Count : 213

 Elaboration time : 0.0156 sec.

 Estimate current memory usage : 153.567 Meg. 

 Total Signals          : 238
 Total Nets             : 112
 Total Signal Drivers   : 114
 Total Blocks           : 63
 Total Primitive Blocks : 50
 Total Processes        : 122
 Total Traceable Variables  : 164
 Total Scalar Nets and Variables : 4686
ntrace select -o on -m / -l this 
ntrace start 
isimrun 1000 ns 
Simulator is doing circuit initialization process.
Finished circuit initialization process.

 Simulation time 0.0624 sec.

 Estimate current memory usage : 162.742 Meg. 

Tue Feb 14 13:25:28 2017

