 command line:
   ./tb_isim_beh.exe
     -intstyle  ise
     -ipchost  localhost
     -ipcport  49815

Tue Mar 21 12:27:38 2017

Total Line Count : 126

 Elaboration time : 0 sec.

 Estimate current memory usage : 154.612 Meg. 

 Total Signals          : 122
 Total Nets             : 46
 Total Signal Drivers   : 26
 Total Blocks           : 29
 Total Primitive Blocks : 20
 Total Processes        : 24
 Total Traceable Variables  : 3
 Total Scalar Nets and Variables : 49
ntrace select -o on -n /tb/up_down_b 
ntrace select -o on -n /tb/s0 
ntrace select -o on -n /tb/s1 
ntrace select -o on -n /tb/s2 
ntrace start 
isimrun 1000 ns 
Simulator is doing circuit initialization process.
Finished circuit initialization process.

 Simulation time 0.0156 sec.

 Estimate current memory usage : 163.787 Meg. 

Tue Mar 21 12:29:17 2017

