Release 9.2.04i - xst J.40
Copyright (c) 1995-2007 Xilinx, Inc.  All rights reserved.
--> Parameter TMPDIR set to ./xst/projnav.tmp
CPU : 0.00 / 0.16 s | Elapsed : 0.00 / 0.00 s
 
--> Parameter xsthdpdir set to ./xst
CPU : 0.00 / 0.16 s | Elapsed : 0.00 / 0.00 s
 
--> Reading design: schem.prj

TABLE OF CONTENTS
  1) Synthesis Options Summary
  2) HDL Compilation
  3) Design Hierarchy Analysis
  4) HDL Analysis
  5) HDL Synthesis
     5.1) HDL Synthesis Report
  6) Advanced HDL Synthesis
     6.1) Advanced HDL Synthesis Report
  7) Low Level Synthesis
  8) Partition Report
  9) Final Report
     9.1) Device utilization summary
     9.2) Partition Resource Summary
     9.3) TIMING REPORT


=========================================================================
*                      Synthesis Options Summary                        *
=========================================================================
---- Source Parameters
Input File Name                    : "schem.prj"
Input Format                       : mixed
Ignore Synthesis Constraint File   : NO

---- Target Parameters
Output File Name                   : "schem"
Output Format                      : NGC
Target Device                      : xc3s100e-5-cp132

---- Source Options
Top Module Name                    : schem
Automatic FSM Extraction           : YES
FSM Encoding Algorithm             : Auto
Safe Implementation                : No
FSM Style                          : lut
RAM Extraction                     : Yes
RAM Style                          : Auto
ROM Extraction                     : Yes
Mux Style                          : Auto
Decoder Extraction                 : YES
Priority Encoder Extraction        : YES
Shift Register Extraction          : YES
Logical Shifter Extraction         : YES
XOR Collapsing                     : YES
ROM Style                          : Auto
Mux Extraction                     : YES
Resource Sharing                   : YES
Asynchronous To Synchronous        : NO
Multiplier Style                   : auto
Automatic Register Balancing       : No

---- Target Options
Add IO Buffers                     : YES
Global Maximum Fanout              : 500
Add Generic Clock Buffer(BUFG)     : 24
Register Duplication               : YES
Slice Packing                      : YES
Optimize Instantiated Primitives   : NO
Use Clock Enable                   : Yes
Use Synchronous Set                : Yes
Use Synchronous Reset              : Yes
Pack IO Registers into IOBs        : auto
Equivalent register Removal        : YES

---- General Options
Optimization Goal                  : Speed
Optimization Effort                : 1
Library Search Order               : schem.lso
Keep Hierarchy                     : NO
RTL Output                         : Yes
Global Optimization                : AllClockNets
Read Cores                         : YES
Write Timing Constraints           : NO
Cross Clock Analysis               : NO
Hierarchy Separator                : /
Bus Delimiter                      : <>
Case Specifier                     : maintain
Slice Utilization Ratio            : 100
BRAM Utilization Ratio             : 100
Verilog 2001                       : YES
Auto BRAM Packing                  : NO
Slice Utilization Ratio Delta      : 5

=========================================================================


=========================================================================
*                          HDL Compilation                              *
=========================================================================
WARNING:HDLParsers:3607 - Unit work/schem is now defined in a different file.  It was defined in "U:/ECE 241/lab8/schem.vhf", and is now defined in "//users.uidaho.edu/users/d/dona1865/ECE 241/lab8/schem.vhf".
WARNING:HDLParsers:3607 - Unit work/schem/BEHAVIORAL is now defined in a different file.  It was defined in "U:/ECE 241/lab8/schem.vhf", and is now defined in "//users.uidaho.edu/users/d/dona1865/ECE 241/lab8/schem.vhf".
Compiling vhdl file "//users.uidaho.edu/users/d/dona1865/ECE 241/lab8/schem.vhf" in Library work.
Architecture behavioral of Entity schem is up to date.

=========================================================================
*                     Design Hierarchy Analysis                         *
=========================================================================
Analyzing hierarchy for entity <schem> in library <work> (architecture <behavioral>).


=========================================================================
*                            HDL Analysis                               *
=========================================================================
Analyzing Entity <schem> in library <work> (Architecture <behavioral>).
    Set user-defined property "INIT =  0" for instance <XLXI_1> in unit <schem>.
    Set user-defined property "INIT =  0" for instance <XLXI_2> in unit <schem>.
    Set user-defined property "INIT =  0" for instance <XLXI_3> in unit <schem>.
Entity <schem> analyzed. Unit <schem> generated.


=========================================================================
*                           HDL Synthesis                               *
=========================================================================

Performing bidirectional port resolution...

Synthesizing Unit <schem>.
    Related source file is "//users.uidaho.edu/users/d/dona1865/ECE 241/lab8/schem.vhf".
WARNING:Xst:653 - Signal <XLXI_2_R_openSignal> is used but never assigned. Tied to value 0.
WARNING:Xst:653 - Signal <XLXI_2_C_openSignal> is used but never assigned. Tied to value 0.
WARNING:Xst:653 - Signal <XLXI_3_R_openSignal> is used but never assigned. Tied to value 0.
WARNING:Xst:653 - Signal <XLXI_3_C_openSignal> is used but never assigned. Tied to value 0.
WARNING:Xst:653 - Signal <XLXI_1_R_openSignal> is used but never assigned. Tied to value 0.
WARNING:Xst:653 - Signal <XLXI_1_C_openSignal> is used but never assigned. Tied to value 0.
Unit <schem> synthesized.


=========================================================================
HDL Synthesis Report

Found no macro
=========================================================================

=========================================================================
*                       Advanced HDL Synthesis                          *
=========================================================================

Loading device for application Rf_Device from file '3s100e.nph' in environment C:\Xilinx\92i.

=========================================================================
Advanced HDL Synthesis Report

Macro Statistics
# Registers                                            : 3
 Flip-Flops                                            : 3

=========================================================================

=========================================================================
*                         Low Level Synthesis                           *
=========================================================================

Optimizing unit <schem> ...

Mapping all equations...
Building and optimizing final netlist ...
Found area constraint ratio of 100 (+ 5) on block schem, actual ratio is 0.

Final Macro Processing ...

=========================================================================
Final Register Report

Macro Statistics
# Registers                                            : 3
 Flip-Flops                                            : 3

=========================================================================

=========================================================================
*                          Partition Report                             *
=========================================================================

Partition Implementation Status
-------------------------------

  No Partitions were found in this design.

-------------------------------

=========================================================================
*                            Final Report                               *
=========================================================================
Final Results
RTL Top Level Output File Name     : schem.ngr
Top Level Output File Name         : schem
Output Format                      : NGC
Optimization Goal                  : Speed
Keep Hierarchy                     : NO

Design Statistics
# IOs                              : 4

Cell Usage :
# BELS                             : 18
#      AND2                        : 4
#      AND3                        : 5
#      AND4                        : 1
#      GND                         : 1
#      INV                         : 4
#      OR2                         : 1
#      OR3                         : 1
#      OR5                         : 1
# FlipFlops/Latches                : 3
#      FDR                         : 3
# IO Buffers                       : 4
#      IBUF                        : 1
#      OBUF                        : 3
=========================================================================

Device utilization summary:
---------------------------

Selected Device : 3s100ecp132-5 

 Number of Slices:                       2  out of    960     0%  
 Number of Slice Flip Flops:             3  out of   1920     0%  
 Number of 4 input LUTs:                 4  out of   1920     0%  
 Number of IOs:                          4
 Number of bonded IOBs:                  4  out of     83     4%  

---------------------------
Partition Resource Summary:
---------------------------

  No Partitions were found in this design.

---------------------------


=========================================================================
TIMING REPORT

NOTE: THESE TIMING NUMBERS ARE ONLY A SYNTHESIS ESTIMATE.
      FOR ACCURATE TIMING INFORMATION PLEASE REFER TO THE TRACE REPORT
      GENERATED AFTER PLACE-and-ROUTE.

Clock Information:
------------------
-----------------------------------+------------------------+-------+
Clock Signal                       | Clock buffer(FF name)  | Load  |
-----------------------------------+------------------------+-------+
XLXI_1_C_openSignal                | NONE(XLXI_3)           | 3     |
-----------------------------------+------------------------+-------+
INFO:Xst:2169 - HDL ADVISOR - Some clock signals were not automatically buffered by XST with BUFG/BUFR resources. Please use the buffer_type constraint in order to insert these buffers to the clock signals to help prevent skew problems.

Asynchronous Control Signals Information:
----------------------------------------
No asynchronous control signals found in this design

Timing Summary:
---------------
Speed Grade: -5

   Minimum period: 4.385ns (Maximum Frequency: 228.042MHz)
   Minimum input arrival time before clock: 4.961ns
   Maximum output required time after clock: 4.285ns
   Maximum combinational path delay: No path found

Timing Detail:
--------------
All values displayed in nanoseconds (ns)

=========================================================================
Timing constraint: Default period analysis for Clock 'XLXI_1_C_openSignal'
  Clock period: 4.385ns (frequency: 228.042MHz)
  Total number of paths / destination ports: 19 / 3
-------------------------------------------------------------------------
Delay:               4.385ns (Levels of Logic = 3)
  Source:            XLXI_2 (FF)
  Destination:       XLXI_1 (FF)
  Source Clock:      XLXI_1_C_openSignal rising
  Destination Clock: XLXI_1_C_openSignal rising

  Data Path: XLXI_2 to XLXI_1
                                Gate     Net
    Cell:in->out      fanout   Delay   Delay  Logical Name (Net Name)
    ----------------------------------------  ------------
     FDR:C->Q              7   0.514   0.602  XLXI_2 (S1_OBUF)
     INV:I->O              3   0.612   0.451  XLXI_9 (XLXN_9)
     AND3:I1->O            1   0.612   0.357  XLXI_21 (XLXN_29)
     OR5:I1->O             1   0.612   0.357  XLXI_17 (XLXN_13)
     FDR:D                     0.268          XLXI_1
    ----------------------------------------
    Total                      4.385ns (2.618ns logic, 1.767ns route)
                                       (59.7% logic, 40.3% route)

=========================================================================
Timing constraint: Default OFFSET IN BEFORE for Clock 'XLXI_1_C_openSignal'
  Total number of paths / destination ports: 8 / 3
-------------------------------------------------------------------------
Offset:              4.961ns (Levels of Logic = 4)
  Source:            Up_Down_B (PAD)
  Destination:       XLXI_1 (FF)
  Destination Clock: XLXI_1_C_openSignal rising

  Data Path: Up_Down_B to XLXI_1
                                Gate     Net
    Cell:in->out      fanout   Delay   Delay  Logical Name (Net Name)
    ----------------------------------------  ------------
     IBUF:I->O             5   1.106   0.538  Up_Down_B_IBUF (Up_Down_B_IBUF)
     INV:I->O              4   0.612   0.499  XLXI_45 (XLXN_44)
     AND3:I0->O            1   0.612   0.357  XLXI_18 (XLXN_24)
     OR5:I4->O             1   0.612   0.357  XLXI_17 (XLXN_13)
     FDR:D                     0.268          XLXI_1
    ----------------------------------------
    Total                      4.961ns (3.210ns logic, 1.751ns route)
                                       (64.7% logic, 35.3% route)

=========================================================================
Timing constraint: Default OFFSET OUT AFTER for Clock 'XLXI_1_C_openSignal'
  Total number of paths / destination ports: 3 / 3
-------------------------------------------------------------------------
Offset:              4.285ns (Levels of Logic = 1)
  Source:            XLXI_2 (FF)
  Destination:       S1 (PAD)
  Source Clock:      XLXI_1_C_openSignal rising

  Data Path: XLXI_2 to S1
                                Gate     Net
    Cell:in->out      fanout   Delay   Delay  Logical Name (Net Name)
    ----------------------------------------  ------------
     FDR:C->Q              7   0.514   0.602  XLXI_2 (S1_OBUF)
     OBUF:I->O                 3.169          S1_OBUF (S1)
    ----------------------------------------
    Total                      4.285ns (3.683ns logic, 0.602ns route)
                                       (86.0% logic, 14.0% route)

=========================================================================
CPU : 2.84 / 3.01 s | Elapsed : 3.00 / 3.00 s
 
--> 

Total memory usage is 199096 kilobytes

Number of errors   :    0 (   0 filtered)
Number of warnings :    8 (   0 filtered)
Number of infos    :    1 (   0 filtered)

